# JRE version: OpenJDK Runtime Environment (8.0_212-b04) (build 1.8.0_212-b04)
# Java VM: OpenJDK 64-Bit Server VM (25.212-b04 mixed mode windows-amd64 compressed oops)
Heap:
 PSYoungGen      total 75264K, used 15395K [0x000000076c700000, 0x0000000771b00000, 0x00000007c0000000)
  eden space 64512K, 23% used [0x000000076c700000,0x000000076d608fe8,0x0000000770600000)
  from space 10752K, 0% used [0x0000000771080000,0x0000000771080000,0x0000000771b00000)
  to   space 10752K, 0% used [0x0000000770600000,0x0000000770600000,0x0000000771080000)
 ParOldGen       total 172032K, used 4693K [0x00000006c5400000, 0x00000006cfc00000, 0x000000076c700000)
  object space 172032K, 2% used [0x00000006c5400000,0x00000006c5895630,0x00000006cfc00000)
 Metaspace       used 16460K, capacity 16653K, committed 16896K, reserved 1064960K
  class space    used 1895K, capacity 1974K, committed 2048K, reserved 1048576K
GC Heap History (8 events):
Event: 3.680 GC heap before
{Heap before GC invocations=1 (full 0):
 PSYoungGen      total 75264K, used 16749K [0x000000076c700000, 0x0000000771b00000, 0x00000007c0000000)
  eden space 64512K, 25% used [0x000000076c700000,0x000000076d75b5a8,0x0000000770600000)
  from space 10752K, 0% used [0x0000000771080000,0x0000000771080000,0x0000000771b00000)
  to   space 10752K, 0% used [0x0000000770600000,0x0000000770600000,0x0000000771080000)
 ParOldGen       total 172032K, used 0K [0x00000006c5400000, 0x00000006cfc00000, 0x000000076c700000)
  object space 172032K, 0% used [0x00000006c5400000,0x00000006c5400000,0x00000006cfc00000)
 Metaspace       used 12870K, capacity 13066K, committed 13312K, reserved 1060864K
  class space    used 1621K, capacity 1686K, committed 1792K, reserved 1048576K
Event: 3.685 GC heap after
Heap after GC invocations=1 (full 0):
 PSYoungGen      total 75264K, used 5882K [0x000000076c700000, 0x0000000771b00000, 0x00000007c0000000)
  eden space 64512K, 0% used [0x000000076c700000,0x000000076c700000,0x0000000770600000)
  from space 10752K, 54% used [0x0000000770600000,0x0000000770bbea28,0x0000000771080000)
  to   space 10752K, 0% used [0x0000000771080000,0x0000000771080000,0x0000000771b00000)
 ParOldGen       total 172032K, used 16K [0x00000006c5400000, 0x00000006cfc00000, 0x000000076c700000)
  object space 172032K, 0% used [0x00000006c5400000,0x00000006c5404000,0x00000006cfc00000)
 Metaspace       used 12870K, capacity 13066K, committed 13312K, reserved 1060864K
  class space    used 1621K, capacity 1686K, committed 1792K, reserved 1048576K
}
Event: 3.685 GC heap before
{Heap before GC invocations=2 (full 1):
 PSYoungGen      total 75264K, used 5882K [0x000000076c700000, 0x0000000771b00000, 0x00000007c0000000)
  eden space 64512K, 0% used [0x000000076c700000,0x000000076c700000,0x0000000770600000)
  from space 10752K, 54% used [0x0000000770600000,0x0000000770bbea28,0x0000000771080000)
  to   space 10752K, 0% used [0x0000000771080000,0x0000000771080000,0x0000000771b00000)
 ParOldGen       total 172032K, used 16K [0x00000006c5400000, 0x00000006cfc00000, 0x000000076c700000)
  object space 172032K, 0% used [0x00000006c5400000,0x00000006c5404000,0x00000006cfc00000)
 Metaspace       used 12870K, capacity 13066K, committed 13312K, reserved 1060864K
  class space    used 1621K, capacity 1686K, committed 1792K, reserved 1048576K
Event: 3.698 GC heap after
Heap after GC invocations=2 (full 1):
 PSYoungGen      total 75264K, used 0K [0x000000076c700000, 0x0000000771b00000, 0x00000007c0000000)
  eden space 64512K, 0% used [0x000000076c700000,0x000000076c700000,0x0000000770600000)
  from space 10752K, 0% used [0x0000000770600000,0x0000000770600000,0x0000000771080000)
  to   space 10752K, 0% used [0x0000000771080000,0x0000000771080000,0x0000000771b00000)
 ParOldGen       total 172032K, used 4693K [0x00000006c5400000, 0x00000006cfc00000, 0x000000076c700000)
  object space 172032K, 2% used [0x00000006c5400000,0x00000006c5895630,0x00000006cfc00000)
 Metaspace       used 12870K, capacity 13066K, committed 13312K, reserved 1060864K
  class space    used 1621K, capacity 1686K, committed 1792K, reserved 1048576K
}
Event: 3.699 GC heap before
{Heap before GC invocations=3 (full 1):
 PSYoungGen      total 75264K, used 0K [0x000000076c700000, 0x0000000771b00000, 0x00000007c0000000)
  eden space 64512K, 0% used [0x000000076c700000,0x000000076c700000,0x0000000770600000)
  from space 10752K, 0% used [0x0000000770600000,0x0000000770600000,0x0000000771080000)
  to   space 10752K, 0% used [0x0000000771080000,0x0000000771080000,0x0000000771b00000)
 ParOldGen       total 172032K, used 4693K [0x00000006c5400000, 0x00000006cfc00000, 0x000000076c700000)
  object space 172032K, 2% used [0x00000006c5400000,0x00000006c5895630,0x00000006cfc00000)
 Metaspace       used 12870K, capacity 13066K, committed 13312K, reserved 1060864K
  class space    used 1621K, capacity 1686K, committed 1792K, reserved 1048576K
Event: 3.699 GC heap after
Heap after GC invocations=3 (full 1):
 PSYoungGen      total 75264K, used 0K [0x000000076c700000, 0x0000000771b00000, 0x00000007c0000000)
  eden space 64512K, 0% used [0x000000076c700000,0x000000076c700000,0x0000000770600000)
  from space 10752K, 0% used [0x0000000771080000,0x0000000771080000,0x0000000771b00000)
  to   space 10752K, 0% used [0x0000000770600000,0x0000000770600000,0x0000000771080000)
 ParOldGen       total 172032K, used 4693K [0x00000006c5400000, 0x00000006cfc00000, 0x000000076c700000)
  object space 172032K, 2% used [0x00000006c5400000,0x00000006c5895630,0x00000006cfc00000)
 Metaspace       used 12870K, capacity 13066K, committed 13312K, reserved 1060864K
  class space    used 1621K, capacity 1686K, committed 1792K, reserved 1048576K
}
Event: 3.699 GC heap before
{Heap before GC invocations=4 (full 2):
 PSYoungGen      total 75264K, used 0K [0x000000076c700000, 0x0000000771b00000, 0x00000007c0000000)
  eden space 64512K, 0% used [0x000000076c700000,0x000000076c700000,0x0000000770600000)
  from space 10752K, 0% used [0x0000000771080000,0x0000000771080000,0x0000000771b00000)
  to   space 10752K, 0% used [0x0000000770600000,0x0000000770600000,0x0000000771080000)
 ParOldGen       total 172032K, used 4693K [0x00000006c5400000, 0x00000006cfc00000, 0x000000076c700000)
  object space 172032K, 2% used [0x00000006c5400000,0x00000006c5895630,0x00000006cfc00000)
 Metaspace       used 12870K, capacity 13066K, committed 13312K, reserved 1060864K
  class space    used 1621K, capacity 1686K, committed 1792K, reserved 1048576K
Event: 3.705 GC heap after
Heap after GC invocations=4 (full 2):
 PSYoungGen      total 75264K, used 0K [0x000000076c700000, 0x0000000771b00000, 0x00000007c0000000)
  eden space 64512K, 0% used [0x000000076c700000,0x000000076c700000,0x0000000770600000)
  from space 10752K, 0% used [0x0000000771080000,0x0000000771080000,0x0000000771b00000)
  to   space 10752K, 0% used [0x0000000770600000,0x0000000770600000,0x0000000771080000)
 ParOldGen       total 172032K, used 4693K [0x00000006c5400000, 0x00000006cfc00000, 0x000000076c700000)
  object space 172032K, 2% used [0x00000006c5400000,0x00000006c5895630,0x00000006cfc00000)
 Metaspace       used 12870K, capacity 13066K, committed 13312K, reserved 1060864K
  class space    used 1621K, capacity 1686K, committed 1792K, reserved 1048576K
}

